2016-07-08T06:46:58+00:00 DEBUG (7): HEADERS ALREADY SENT: <pre>[0] /home/net1/public_html/zierconsulting.com/cakeformonarchs/app/code/core/Mage/Core/Controller/Response/Http.php:52
[1] /home/net1/public_html/zierconsulting.com/cakeformonarchs/lib/Zend/Controller/Response/Abstract.php:768
[2] /home/net1/public_html/zierconsulting.com/cakeformonarchs/app/code/core/Mage/Core/Controller/Response/Http.php:84
[3] /home/net1/public_html/zierconsulting.com/cakeformonarchs/app/code/core/Mage/Core/Controller/Varien/Front.php:184
[4] /home/net1/public_html/zierconsulting.com/cakeformonarchs/app/code/core/Mage/Core/Model/App.php:365
[5] /home/net1/public_html/zierconsulting.com/cakeformonarchs/app/Mage.php:684
[6] /home/net1/public_html/zierconsulting.com/cakeformonarchs/index.php:83
</pre>
2016-07-08T06:56:35+00:00 DEBUG (7): HEADERS ALREADY SENT: <pre>[0] /home/net1/public_html/zierconsulting.com/cakeformonarchs/app/code/core/Mage/Core/Controller/Response/Http.php:52
[1] /home/net1/public_html/zierconsulting.com/cakeformonarchs/lib/Zend/Controller/Response/Abstract.php:768
[2] /home/net1/public_html/zierconsulting.com/cakeformonarchs/app/code/core/Mage/Core/Controller/Response/Http.php:84
[3] /home/net1/public_html/zierconsulting.com/cakeformonarchs/app/code/core/Mage/Core/Controller/Varien/Front.php:184
[4] /home/net1/public_html/zierconsulting.com/cakeformonarchs/app/code/core/Mage/Core/Model/App.php:365
[5] /home/net1/public_html/zierconsulting.com/cakeformonarchs/app/Mage.php:684
[6] /home/net1/public_html/zierconsulting.com/cakeformonarchs/index.php:83
</pre>
2016-07-08T06:59:41+00:00 DEBUG (7): HEADERS ALREADY SENT: <pre>[0] /home/net1/public_html/zierconsulting.com/cakeformonarchs/app/code/core/Mage/Core/Controller/Response/Http.php:52
[1] /home/net1/public_html/zierconsulting.com/cakeformonarchs/lib/Zend/Controller/Response/Abstract.php:768
[2] /home/net1/public_html/zierconsulting.com/cakeformonarchs/app/code/core/Mage/Core/Controller/Response/Http.php:84
[3] /home/net1/public_html/zierconsulting.com/cakeformonarchs/app/code/core/Mage/Core/Controller/Varien/Front.php:184
[4] /home/net1/public_html/zierconsulting.com/cakeformonarchs/app/code/core/Mage/Core/Model/App.php:365
[5] /home/net1/public_html/zierconsulting.com/cakeformonarchs/app/Mage.php:684
[6] /home/net1/public_html/zierconsulting.com/cakeformonarchs/index.php:83
</pre>
2016-07-08T07:32:13+00:00 DEBUG (7): HEADERS ALREADY SENT: <pre>[0] /home/net1/public_html/zierconsulting.com/cakeformonarchs/app/code/core/Mage/Core/Controller/Response/Http.php:52
[1] /home/net1/public_html/zierconsulting.com/cakeformonarchs/lib/Zend/Controller/Response/Abstract.php:768
[2] /home/net1/public_html/zierconsulting.com/cakeformonarchs/app/code/core/Mage/Core/Controller/Response/Http.php:84
[3] /home/net1/public_html/zierconsulting.com/cakeformonarchs/app/code/core/Mage/Core/Controller/Varien/Front.php:184
[4] /home/net1/public_html/zierconsulting.com/cakeformonarchs/app/code/core/Mage/Core/Model/App.php:365
[5] /home/net1/public_html/zierconsulting.com/cakeformonarchs/app/Mage.php:684
[6] /home/net1/public_html/zierconsulting.com/cakeformonarchs/index.php:83
</pre>
2016-07-08T07:33:43+00:00 DEBUG (7): HEADERS ALREADY SENT: <pre>[0] /home/net1/public_html/zierconsulting.com/cakeformonarchs/app/code/core/Mage/Core/Controller/Response/Http.php:52
[1] /home/net1/public_html/zierconsulting.com/cakeformonarchs/lib/Zend/Controller/Response/Abstract.php:768
[2] /home/net1/public_html/zierconsulting.com/cakeformonarchs/app/code/core/Mage/Core/Controller/Response/Http.php:84
[3] /home/net1/public_html/zierconsulting.com/cakeformonarchs/app/code/core/Mage/Core/Controller/Varien/Front.php:184
[4] /home/net1/public_html/zierconsulting.com/cakeformonarchs/app/code/core/Mage/Core/Model/App.php:365
[5] /home/net1/public_html/zierconsulting.com/cakeformonarchs/app/Mage.php:684
[6] /home/net1/public_html/zierconsulting.com/cakeformonarchs/index.php:83
</pre>
2016-07-08T07:33:46+00:00 DEBUG (7): HEADERS ALREADY SENT: <pre>[0] /home/net1/public_html/zierconsulting.com/cakeformonarchs/app/code/core/Mage/Core/Controller/Response/Http.php:52
[1] /home/net1/public_html/zierconsulting.com/cakeformonarchs/lib/Zend/Controller/Response/Abstract.php:768
[2] /home/net1/public_html/zierconsulting.com/cakeformonarchs/app/code/core/Mage/Core/Controller/Response/Http.php:84
[3] /home/net1/public_html/zierconsulting.com/cakeformonarchs/app/code/core/Mage/Core/Controller/Varien/Front.php:184
[4] /home/net1/public_html/zierconsulting.com/cakeformonarchs/app/code/core/Mage/Core/Model/App.php:365
[5] /home/net1/public_html/zierconsulting.com/cakeformonarchs/app/Mage.php:684
[6] /home/net1/public_html/zierconsulting.com/cakeformonarchs/index.php:83
</pre>
2016-07-08T07:33:53+00:00 DEBUG (7): HEADERS ALREADY SENT: <pre>[0] /home/net1/public_html/zierconsulting.com/cakeformonarchs/app/code/core/Mage/Core/Controller/Response/Http.php:52
[1] /home/net1/public_html/zierconsulting.com/cakeformonarchs/lib/Zend/Controller/Response/Abstract.php:768
[2] /home/net1/public_html/zierconsulting.com/cakeformonarchs/app/code/core/Mage/Core/Controller/Response/Http.php:84
[3] /home/net1/public_html/zierconsulting.com/cakeformonarchs/app/code/core/Mage/Core/Controller/Varien/Front.php:184
[4] /home/net1/public_html/zierconsulting.com/cakeformonarchs/app/code/core/Mage/Core/Model/App.php:365
[5] /home/net1/public_html/zierconsulting.com/cakeformonarchs/app/Mage.php:684
[6] /home/net1/public_html/zierconsulting.com/cakeformonarchs/index.php:83
</pre>
2016-07-08T07:35:17+00:00 DEBUG (7): HEADERS ALREADY SENT: <pre>[0] /home/net1/public_html/zierconsulting.com/cakeformonarchs/app/code/core/Mage/Core/Controller/Response/Http.php:52
[1] /home/net1/public_html/zierconsulting.com/cakeformonarchs/lib/Zend/Controller/Response/Abstract.php:768
[2] /home/net1/public_html/zierconsulting.com/cakeformonarchs/app/code/core/Mage/Core/Controller/Response/Http.php:84
[3] /home/net1/public_html/zierconsulting.com/cakeformonarchs/app/code/core/Mage/Core/Controller/Varien/Front.php:184
[4] /home/net1/public_html/zierconsulting.com/cakeformonarchs/app/code/core/Mage/Core/Model/App.php:365
[5] /home/net1/public_html/zierconsulting.com/cakeformonarchs/app/Mage.php:684
[6] /home/net1/public_html/zierconsulting.com/cakeformonarchs/index.php:83
</pre>
2016-07-08T07:35:28+00:00 DEBUG (7): HEADERS ALREADY SENT: <pre>[0] /home/net1/public_html/zierconsulting.com/cakeformonarchs/app/code/core/Mage/Core/Controller/Response/Http.php:52
[1] /home/net1/public_html/zierconsulting.com/cakeformonarchs/lib/Zend/Controller/Response/Abstract.php:768
[2] /home/net1/public_html/zierconsulting.com/cakeformonarchs/app/code/core/Mage/Core/Controller/Response/Http.php:84
[3] /home/net1/public_html/zierconsulting.com/cakeformonarchs/app/code/core/Mage/Core/Controller/Varien/Front.php:184
[4] /home/net1/public_html/zierconsulting.com/cakeformonarchs/app/code/core/Mage/Core/Model/App.php:365
[5] /home/net1/public_html/zierconsulting.com/cakeformonarchs/app/Mage.php:684
[6] /home/net1/public_html/zierconsulting.com/cakeformonarchs/index.php:83
</pre>
2016-07-08T07:36:12+00:00 DEBUG (7): HEADERS ALREADY SENT: <pre>[0] /home/net1/public_html/zierconsulting.com/cakeformonarchs/app/code/core/Mage/Core/Controller/Response/Http.php:52
[1] /home/net1/public_html/zierconsulting.com/cakeformonarchs/lib/Zend/Controller/Response/Abstract.php:768
[2] /home/net1/public_html/zierconsulting.com/cakeformonarchs/app/code/core/Mage/Core/Controller/Response/Http.php:84
[3] /home/net1/public_html/zierconsulting.com/cakeformonarchs/app/code/core/Mage/Core/Controller/Varien/Front.php:184
[4] /home/net1/public_html/zierconsulting.com/cakeformonarchs/app/code/core/Mage/Core/Model/App.php:365
[5] /home/net1/public_html/zierconsulting.com/cakeformonarchs/app/Mage.php:684
[6] /home/net1/public_html/zierconsulting.com/cakeformonarchs/index.php:83
</pre>
2016-07-08T07:38:51+00:00 DEBUG (7): HEADERS ALREADY SENT: <pre>[0] /home/net1/public_html/zierconsulting.com/cakeformonarchs/app/code/core/Mage/Core/Controller/Response/Http.php:52
[1] /home/net1/public_html/zierconsulting.com/cakeformonarchs/lib/Zend/Controller/Response/Abstract.php:768
[2] /home/net1/public_html/zierconsulting.com/cakeformonarchs/app/code/core/Mage/Core/Controller/Response/Http.php:84
[3] /home/net1/public_html/zierconsulting.com/cakeformonarchs/app/code/core/Mage/Core/Controller/Varien/Front.php:184
[4] /home/net1/public_html/zierconsulting.com/cakeformonarchs/app/code/core/Mage/Core/Model/App.php:365
[5] /home/net1/public_html/zierconsulting.com/cakeformonarchs/app/Mage.php:684
[6] /home/net1/public_html/zierconsulting.com/cakeformonarchs/index.php:83
</pre>
2016-07-08T07:38:55+00:00 DEBUG (7): HEADERS ALREADY SENT: <pre>[0] /home/net1/public_html/zierconsulting.com/cakeformonarchs/app/code/core/Mage/Core/Controller/Response/Http.php:52
[1] /home/net1/public_html/zierconsulting.com/cakeformonarchs/lib/Zend/Controller/Response/Abstract.php:768
[2] /home/net1/public_html/zierconsulting.com/cakeformonarchs/app/code/core/Mage/Core/Controller/Response/Http.php:84
[3] /home/net1/public_html/zierconsulting.com/cakeformonarchs/app/code/core/Mage/Core/Controller/Varien/Front.php:184
[4] /home/net1/public_html/zierconsulting.com/cakeformonarchs/app/code/core/Mage/Core/Model/App.php:365
[5] /home/net1/public_html/zierconsulting.com/cakeformonarchs/app/Mage.php:684
[6] /home/net1/public_html/zierconsulting.com/cakeformonarchs/index.php:83
</pre>
2016-07-08T07:39:40+00:00 DEBUG (7): HEADERS ALREADY SENT: <pre>[0] /home/net1/public_html/zierconsulting.com/cakeformonarchs/app/code/core/Mage/Core/Controller/Response/Http.php:52
[1] /home/net1/public_html/zierconsulting.com/cakeformonarchs/lib/Zend/Controller/Response/Abstract.php:768
[2] /home/net1/public_html/zierconsulting.com/cakeformonarchs/app/code/core/Mage/Core/Controller/Response/Http.php:84
[3] /home/net1/public_html/zierconsulting.com/cakeformonarchs/app/code/core/Mage/Core/Controller/Varien/Front.php:184
[4] /home/net1/public_html/zierconsulting.com/cakeformonarchs/app/code/core/Mage/Core/Model/App.php:365
[5] /home/net1/public_html/zierconsulting.com/cakeformonarchs/app/Mage.php:684
[6] /home/net1/public_html/zierconsulting.com/cakeformonarchs/index.php:83
</pre>
2016-07-08T07:39:44+00:00 DEBUG (7): HEADERS ALREADY SENT: <pre>[0] /home/net1/public_html/zierconsulting.com/cakeformonarchs/app/code/core/Mage/Core/Controller/Response/Http.php:52
[1] /home/net1/public_html/zierconsulting.com/cakeformonarchs/lib/Zend/Controller/Response/Abstract.php:768
[2] /home/net1/public_html/zierconsulting.com/cakeformonarchs/app/code/core/Mage/Core/Controller/Response/Http.php:84
[3] /home/net1/public_html/zierconsulting.com/cakeformonarchs/app/code/core/Mage/Core/Controller/Varien/Front.php:184
[4] /home/net1/public_html/zierconsulting.com/cakeformonarchs/app/code/core/Mage/Core/Model/App.php:365
[5] /home/net1/public_html/zierconsulting.com/cakeformonarchs/app/Mage.php:684
[6] /home/net1/public_html/zierconsulting.com/cakeformonarchs/index.php:83
</pre>
2016-07-08T07:40:53+00:00 DEBUG (7): HEADERS ALREADY SENT: <pre>[0] /home/net1/public_html/zierconsulting.com/cakeformonarchs/app/code/core/Mage/Core/Controller/Response/Http.php:52
[1] /home/net1/public_html/zierconsulting.com/cakeformonarchs/lib/Zend/Controller/Response/Abstract.php:768
[2] /home/net1/public_html/zierconsulting.com/cakeformonarchs/app/code/core/Mage/Core/Controller/Response/Http.php:84
[3] /home/net1/public_html/zierconsulting.com/cakeformonarchs/app/code/core/Mage/Core/Controller/Varien/Front.php:184
[4] /home/net1/public_html/zierconsulting.com/cakeformonarchs/app/code/core/Mage/Core/Model/App.php:365
[5] /home/net1/public_html/zierconsulting.com/cakeformonarchs/app/Mage.php:684
[6] /home/net1/public_html/zierconsulting.com/cakeformonarchs/index.php:83
</pre>
2016-07-08T07:41:32+00:00 DEBUG (7): HEADERS ALREADY SENT: <pre>[0] /home/net1/public_html/zierconsulting.com/cakeformonarchs/app/code/core/Mage/Core/Controller/Response/Http.php:52
[1] /home/net1/public_html/zierconsulting.com/cakeformonarchs/lib/Zend/Controller/Response/Abstract.php:768
[2] /home/net1/public_html/zierconsulting.com/cakeformonarchs/app/code/core/Mage/Core/Controller/Response/Http.php:84
[3] /home/net1/public_html/zierconsulting.com/cakeformonarchs/app/code/core/Mage/Core/Controller/Varien/Front.php:184
[4] /home/net1/public_html/zierconsulting.com/cakeformonarchs/app/code/core/Mage/Core/Model/App.php:365
[5] /home/net1/public_html/zierconsulting.com/cakeformonarchs/app/Mage.php:684
[6] /home/net1/public_html/zierconsulting.com/cakeformonarchs/index.php:83
</pre>
2016-07-08T07:42:29+00:00 DEBUG (7): HEADERS ALREADY SENT: <pre>[0] /home/net1/public_html/zierconsulting.com/cakeformonarchs/app/code/core/Mage/Core/Controller/Response/Http.php:52
[1] /home/net1/public_html/zierconsulting.com/cakeformonarchs/lib/Zend/Controller/Response/Abstract.php:768
[2] /home/net1/public_html/zierconsulting.com/cakeformonarchs/app/code/core/Mage/Core/Controller/Response/Http.php:84
[3] /home/net1/public_html/zierconsulting.com/cakeformonarchs/app/code/core/Mage/Core/Controller/Varien/Front.php:184
[4] /home/net1/public_html/zierconsulting.com/cakeformonarchs/app/code/core/Mage/Core/Model/App.php:365
[5] /home/net1/public_html/zierconsulting.com/cakeformonarchs/app/Mage.php:684
[6] /home/net1/public_html/zierconsulting.com/cakeformonarchs/index.php:83
</pre>
2016-07-08T07:44:52+00:00 DEBUG (7): HEADERS ALREADY SENT: <pre>[0] /home/net1/public_html/zierconsulting.com/cakeformonarchs/app/code/core/Mage/Core/Controller/Response/Http.php:52
[1] /home/net1/public_html/zierconsulting.com/cakeformonarchs/lib/Zend/Controller/Response/Abstract.php:768
[2] /home/net1/public_html/zierconsulting.com/cakeformonarchs/app/code/core/Mage/Core/Controller/Response/Http.php:84
[3] /home/net1/public_html/zierconsulting.com/cakeformonarchs/app/code/core/Mage/Core/Controller/Varien/Front.php:184
[4] /home/net1/public_html/zierconsulting.com/cakeformonarchs/app/code/core/Mage/Core/Model/App.php:365
[5] /home/net1/public_html/zierconsulting.com/cakeformonarchs/app/Mage.php:684
[6] /home/net1/public_html/zierconsulting.com/cakeformonarchs/index.php:83
</pre>
2016-07-08T07:45:56+00:00 DEBUG (7): HEADERS ALREADY SENT: <pre>[0] /home/net1/public_html/zierconsulting.com/cakeformonarchs/app/code/core/Mage/Core/Controller/Response/Http.php:52
[1] /home/net1/public_html/zierconsulting.com/cakeformonarchs/lib/Zend/Controller/Response/Abstract.php:768
[2] /home/net1/public_html/zierconsulting.com/cakeformonarchs/app/code/core/Mage/Core/Controller/Response/Http.php:84
[3] /home/net1/public_html/zierconsulting.com/cakeformonarchs/app/code/core/Mage/Core/Controller/Varien/Front.php:184
[4] /home/net1/public_html/zierconsulting.com/cakeformonarchs/app/code/core/Mage/Core/Model/App.php:365
[5] /home/net1/public_html/zierconsulting.com/cakeformonarchs/app/Mage.php:684
[6] /home/net1/public_html/zierconsulting.com/cakeformonarchs/index.php:83
</pre>
2016-07-08T07:47:40+00:00 DEBUG (7): HEADERS ALREADY SENT: <pre>[0] /home/net1/public_html/zierconsulting.com/cakeformonarchs/app/code/core/Mage/Core/Controller/Response/Http.php:52
[1] /home/net1/public_html/zierconsulting.com/cakeformonarchs/lib/Zend/Controller/Response/Abstract.php:768
[2] /home/net1/public_html/zierconsulting.com/cakeformonarchs/app/code/core/Mage/Core/Controller/Response/Http.php:84
[3] /home/net1/public_html/zierconsulting.com/cakeformonarchs/app/code/core/Mage/Core/Controller/Varien/Front.php:184
[4] /home/net1/public_html/zierconsulting.com/cakeformonarchs/app/code/core/Mage/Core/Model/App.php:365
[5] /home/net1/public_html/zierconsulting.com/cakeformonarchs/app/Mage.php:684
[6] /home/net1/public_html/zierconsulting.com/cakeformonarchs/index.php:83
</pre>
2016-07-08T08:11:39+00:00 DEBUG (7): HEADERS ALREADY SENT: <pre>[0] /home/net1/public_html/zierconsulting.com/cakeformonarchs/app/code/core/Mage/Core/Controller/Response/Http.php:52
[1] /home/net1/public_html/zierconsulting.com/cakeformonarchs/lib/Zend/Controller/Response/Abstract.php:768
[2] /home/net1/public_html/zierconsulting.com/cakeformonarchs/app/code/core/Mage/Core/Controller/Response/Http.php:84
[3] /home/net1/public_html/zierconsulting.com/cakeformonarchs/app/code/core/Mage/Core/Controller/Varien/Front.php:184
[4] /home/net1/public_html/zierconsulting.com/cakeformonarchs/app/code/core/Mage/Core/Model/App.php:365
[5] /home/net1/public_html/zierconsulting.com/cakeformonarchs/app/Mage.php:684
[6] /home/net1/public_html/zierconsulting.com/cakeformonarchs/index.php:83
</pre>
2016-07-08T08:23:53+00:00 DEBUG (7): HEADERS ALREADY SENT: <pre>[0] /home/net1/public_html/zierconsulting.com/cakeformonarchs/app/code/core/Mage/Core/Controller/Response/Http.php:52
[1] /home/net1/public_html/zierconsulting.com/cakeformonarchs/lib/Zend/Controller/Response/Abstract.php:768
[2] /home/net1/public_html/zierconsulting.com/cakeformonarchs/app/code/core/Mage/Core/Controller/Response/Http.php:84
[3] /home/net1/public_html/zierconsulting.com/cakeformonarchs/app/code/core/Mage/Core/Controller/Varien/Front.php:184
[4] /home/net1/public_html/zierconsulting.com/cakeformonarchs/app/code/core/Mage/Core/Model/App.php:365
[5] /home/net1/public_html/zierconsulting.com/cakeformonarchs/app/Mage.php:684
[6] /home/net1/public_html/zierconsulting.com/cakeformonarchs/index.php:83
</pre>
2016-07-08T08:23:54+00:00 DEBUG (7): HEADERS ALREADY SENT: <pre>[0] /home/net1/public_html/zierconsulting.com/cakeformonarchs/app/code/core/Mage/Core/Controller/Response/Http.php:52
[1] /home/net1/public_html/zierconsulting.com/cakeformonarchs/lib/Zend/Controller/Response/Abstract.php:768
[2] /home/net1/public_html/zierconsulting.com/cakeformonarchs/app/code/core/Mage/Core/Controller/Response/Http.php:84
[3] /home/net1/public_html/zierconsulting.com/cakeformonarchs/app/code/core/Mage/Core/Controller/Varien/Front.php:184
[4] /home/net1/public_html/zierconsulting.com/cakeformonarchs/app/code/core/Mage/Core/Model/App.php:365
[5] /home/net1/public_html/zierconsulting.com/cakeformonarchs/app/Mage.php:684
[6] /home/net1/public_html/zierconsulting.com/cakeformonarchs/index.php:83
</pre>
2016-07-09T05:28:15+00:00 DEBUG (7): HEADERS ALREADY SENT: <pre>[0] /home/net1/public_html/zierconsulting.com/cakeformonarchs/app/code/core/Mage/Core/Controller/Response/Http.php:52
[1] /home/net1/public_html/zierconsulting.com/cakeformonarchs/lib/Zend/Controller/Response/Abstract.php:768
[2] /home/net1/public_html/zierconsulting.com/cakeformonarchs/app/code/core/Mage/Core/Controller/Response/Http.php:84
[3] /home/net1/public_html/zierconsulting.com/cakeformonarchs/app/code/core/Mage/Core/Controller/Varien/Front.php:184
[4] /home/net1/public_html/zierconsulting.com/cakeformonarchs/app/code/core/Mage/Core/Model/App.php:365
[5] /home/net1/public_html/zierconsulting.com/cakeformonarchs/app/Mage.php:684
[6] /home/net1/public_html/zierconsulting.com/cakeformonarchs/index.php:83
</pre>
2016-07-09T05:29:55+00:00 DEBUG (7): HEADERS ALREADY SENT: <pre>[0] /home/net1/public_html/zierconsulting.com/cakeformonarchs/app/code/core/Mage/Core/Controller/Response/Http.php:52
[1] /home/net1/public_html/zierconsulting.com/cakeformonarchs/lib/Zend/Controller/Response/Abstract.php:768
[2] /home/net1/public_html/zierconsulting.com/cakeformonarchs/app/code/core/Mage/Core/Controller/Response/Http.php:84
[3] /home/net1/public_html/zierconsulting.com/cakeformonarchs/app/code/core/Mage/Core/Controller/Varien/Front.php:184
[4] /home/net1/public_html/zierconsulting.com/cakeformonarchs/app/code/core/Mage/Core/Model/App.php:365
[5] /home/net1/public_html/zierconsulting.com/cakeformonarchs/app/Mage.php:684
[6] /home/net1/public_html/zierconsulting.com/cakeformonarchs/index.php:83
</pre>
2016-07-10T23:23:27+00:00 ERR (3): Warning: getimagesize(http://zierconsulting.com/cakeformonarchs/skin/adminhtml/base/default/images/media/about_us_img.jpg): failed to open stream: HTTP request failed! HTTP/1.1 404 Not Found
  in /home/net1/public_html/zierconsulting.com/cakeformonarchs/lib/Varien/Image/Adapter/Abstract.php on line 87
2016-07-10T23:23:28+00:00 ERR (3): Warning: getimagesize(http://zierconsulting.com/cakeformonarchs/skin/adminhtml/base/default/images/media/about_us_img.jpg): failed to open stream: HTTP request failed! HTTP/1.1 404 Not Found
  in /home/net1/public_html/zierconsulting.com/cakeformonarchs/lib/Varien/Image/Adapter/Gd2.php on line 91
2016-07-11T14:01:37+00:00 DEBUG (7): HEADERS ALREADY SENT: <pre>[0] /home/net1/public_html/zierconsulting.com/cakeformonarchs/app/code/core/Mage/Core/Controller/Response/Http.php:52
[1] /home/net1/public_html/zierconsulting.com/cakeformonarchs/lib/Zend/Controller/Response/Abstract.php:768
[2] /home/net1/public_html/zierconsulting.com/cakeformonarchs/app/code/core/Mage/Core/Controller/Response/Http.php:84
[3] /home/net1/public_html/zierconsulting.com/cakeformonarchs/app/code/core/Mage/Core/Controller/Varien/Front.php:184
[4] /home/net1/public_html/zierconsulting.com/cakeformonarchs/app/code/core/Mage/Core/Model/App.php:365
[5] /home/net1/public_html/zierconsulting.com/cakeformonarchs/app/Mage.php:684
[6] /home/net1/public_html/zierconsulting.com/cakeformonarchs/index.php:83
</pre>
2016-07-11T14:01:38+00:00 DEBUG (7): HEADERS ALREADY SENT: <pre>[0] /home/net1/public_html/zierconsulting.com/cakeformonarchs/app/code/core/Mage/Core/Controller/Response/Http.php:52
[1] /home/net1/public_html/zierconsulting.com/cakeformonarchs/lib/Zend/Controller/Response/Abstract.php:768
[2] /home/net1/public_html/zierconsulting.com/cakeformonarchs/app/code/core/Mage/Core/Controller/Response/Http.php:84
[3] /home/net1/public_html/zierconsulting.com/cakeformonarchs/app/code/core/Mage/Core/Controller/Varien/Front.php:184
[4] /home/net1/public_html/zierconsulting.com/cakeformonarchs/app/code/core/Mage/Core/Model/App.php:365
[5] /home/net1/public_html/zierconsulting.com/cakeformonarchs/app/Mage.php:684
[6] /home/net1/public_html/zierconsulting.com/cakeformonarchs/index.php:83
</pre>
2016-07-11T14:06:19+00:00 DEBUG (7): HEADERS ALREADY SENT: <pre>[0] /home/net1/public_html/zierconsulting.com/cakeformonarchs/app/code/core/Mage/Core/Controller/Response/Http.php:52
[1] /home/net1/public_html/zierconsulting.com/cakeformonarchs/lib/Zend/Controller/Response/Abstract.php:768
[2] /home/net1/public_html/zierconsulting.com/cakeformonarchs/app/code/core/Mage/Core/Controller/Response/Http.php:84
[3] /home/net1/public_html/zierconsulting.com/cakeformonarchs/app/code/core/Mage/Core/Controller/Varien/Front.php:184
[4] /home/net1/public_html/zierconsulting.com/cakeformonarchs/app/code/core/Mage/Core/Model/App.php:365
[5] /home/net1/public_html/zierconsulting.com/cakeformonarchs/app/Mage.php:684
[6] /home/net1/public_html/zierconsulting.com/cakeformonarchs/index.php:83
</pre>
2016-07-11T14:06:23+00:00 DEBUG (7): HEADERS ALREADY SENT: <pre>[0] /home/net1/public_html/zierconsulting.com/cakeformonarchs/app/code/core/Mage/Core/Controller/Response/Http.php:52
[1] /home/net1/public_html/zierconsulting.com/cakeformonarchs/lib/Zend/Controller/Response/Abstract.php:768
[2] /home/net1/public_html/zierconsulting.com/cakeformonarchs/app/code/core/Mage/Core/Controller/Response/Http.php:84
[3] /home/net1/public_html/zierconsulting.com/cakeformonarchs/app/code/core/Mage/Core/Controller/Varien/Front.php:184
[4] /home/net1/public_html/zierconsulting.com/cakeformonarchs/app/code/core/Mage/Core/Model/App.php:365
[5] /home/net1/public_html/zierconsulting.com/cakeformonarchs/app/Mage.php:684
[6] /home/net1/public_html/zierconsulting.com/cakeformonarchs/index.php:83
</pre>
2016-07-11T14:10:54+00:00 DEBUG (7): HEADERS ALREADY SENT: <pre>[0] /home/net1/public_html/zierconsulting.com/cakeformonarchs/app/code/core/Mage/Core/Controller/Response/Http.php:52
[1] /home/net1/public_html/zierconsulting.com/cakeformonarchs/lib/Zend/Controller/Response/Abstract.php:768
[2] /home/net1/public_html/zierconsulting.com/cakeformonarchs/app/code/core/Mage/Core/Controller/Response/Http.php:84
[3] /home/net1/public_html/zierconsulting.com/cakeformonarchs/app/code/core/Mage/Core/Controller/Varien/Front.php:184
[4] /home/net1/public_html/zierconsulting.com/cakeformonarchs/app/code/core/Mage/Core/Model/App.php:365
[5] /home/net1/public_html/zierconsulting.com/cakeformonarchs/app/Mage.php:684
[6] /home/net1/public_html/zierconsulting.com/cakeformonarchs/index.php:83
</pre>
2016-07-11T14:10:55+00:00 DEBUG (7): HEADERS ALREADY SENT: <pre>[0] /home/net1/public_html/zierconsulting.com/cakeformonarchs/app/code/core/Mage/Core/Controller/Response/Http.php:52
[1] /home/net1/public_html/zierconsulting.com/cakeformonarchs/lib/Zend/Controller/Response/Abstract.php:768
[2] /home/net1/public_html/zierconsulting.com/cakeformonarchs/app/code/core/Mage/Core/Controller/Response/Http.php:84
[3] /home/net1/public_html/zierconsulting.com/cakeformonarchs/app/code/core/Mage/Core/Controller/Varien/Front.php:184
[4] /home/net1/public_html/zierconsulting.com/cakeformonarchs/app/code/core/Mage/Core/Model/App.php:365
[5] /home/net1/public_html/zierconsulting.com/cakeformonarchs/app/Mage.php:684
[6] /home/net1/public_html/zierconsulting.com/cakeformonarchs/index.php:83
</pre>
2016-07-11T14:10:59+00:00 DEBUG (7): HEADERS ALREADY SENT: <pre>[0] /home/net1/public_html/zierconsulting.com/cakeformonarchs/app/code/core/Mage/Core/Controller/Response/Http.php:52
[1] /home/net1/public_html/zierconsulting.com/cakeformonarchs/lib/Zend/Controller/Response/Abstract.php:768
[2] /home/net1/public_html/zierconsulting.com/cakeformonarchs/app/code/core/Mage/Core/Controller/Response/Http.php:84
[3] /home/net1/public_html/zierconsulting.com/cakeformonarchs/app/code/core/Mage/Core/Controller/Varien/Front.php:184
[4] /home/net1/public_html/zierconsulting.com/cakeformonarchs/app/code/core/Mage/Core/Model/App.php:365
[5] /home/net1/public_html/zierconsulting.com/cakeformonarchs/app/Mage.php:684
[6] /home/net1/public_html/zierconsulting.com/cakeformonarchs/index.php:83
</pre>
2016-07-11T14:10:59+00:00 DEBUG (7): HEADERS ALREADY SENT: <pre>[0] /home/net1/public_html/zierconsulting.com/cakeformonarchs/app/code/core/Mage/Core/Controller/Response/Http.php:52
[1] /home/net1/public_html/zierconsulting.com/cakeformonarchs/lib/Zend/Controller/Response/Abstract.php:768
[2] /home/net1/public_html/zierconsulting.com/cakeformonarchs/app/code/core/Mage/Core/Controller/Response/Http.php:84
[3] /home/net1/public_html/zierconsulting.com/cakeformonarchs/app/code/core/Mage/Core/Controller/Varien/Front.php:184
[4] /home/net1/public_html/zierconsulting.com/cakeformonarchs/app/code/core/Mage/Core/Model/App.php:365
[5] /home/net1/public_html/zierconsulting.com/cakeformonarchs/app/Mage.php:684
[6] /home/net1/public_html/zierconsulting.com/cakeformonarchs/index.php:83
</pre>
2016-07-11T14:11:02+00:00 DEBUG (7): HEADERS ALREADY SENT: <pre>[0] /home/net1/public_html/zierconsulting.com/cakeformonarchs/app/code/core/Mage/Core/Controller/Response/Http.php:52
[1] /home/net1/public_html/zierconsulting.com/cakeformonarchs/lib/Zend/Controller/Response/Abstract.php:768
[2] /home/net1/public_html/zierconsulting.com/cakeformonarchs/app/code/core/Mage/Core/Controller/Response/Http.php:84
[3] /home/net1/public_html/zierconsulting.com/cakeformonarchs/app/code/core/Mage/Core/Controller/Varien/Front.php:184
[4] /home/net1/public_html/zierconsulting.com/cakeformonarchs/app/code/core/Mage/Core/Model/App.php:365
[5] /home/net1/public_html/zierconsulting.com/cakeformonarchs/app/Mage.php:684
[6] /home/net1/public_html/zierconsulting.com/cakeformonarchs/index.php:83
</pre>
2016-07-11T14:12:55+00:00 DEBUG (7): HEADERS ALREADY SENT: <pre>[0] /home/net1/public_html/zierconsulting.com/cakeformonarchs/app/code/core/Mage/Core/Controller/Response/Http.php:52
[1] /home/net1/public_html/zierconsulting.com/cakeformonarchs/lib/Zend/Controller/Response/Abstract.php:768
[2] /home/net1/public_html/zierconsulting.com/cakeformonarchs/app/code/core/Mage/Core/Controller/Response/Http.php:84
[3] /home/net1/public_html/zierconsulting.com/cakeformonarchs/app/code/core/Mage/Core/Controller/Varien/Front.php:184
[4] /home/net1/public_html/zierconsulting.com/cakeformonarchs/app/code/core/Mage/Core/Model/App.php:365
[5] /home/net1/public_html/zierconsulting.com/cakeformonarchs/app/Mage.php:684
[6] /home/net1/public_html/zierconsulting.com/cakeformonarchs/index.php:83
</pre>
2016-07-11T14:12:58+00:00 DEBUG (7): HEADERS ALREADY SENT: <pre>[0] /home/net1/public_html/zierconsulting.com/cakeformonarchs/app/code/core/Mage/Core/Controller/Response/Http.php:52
[1] /home/net1/public_html/zierconsulting.com/cakeformonarchs/lib/Zend/Controller/Response/Abstract.php:768
[2] /home/net1/public_html/zierconsulting.com/cakeformonarchs/app/code/core/Mage/Core/Controller/Response/Http.php:84
[3] /home/net1/public_html/zierconsulting.com/cakeformonarchs/app/code/core/Mage/Core/Controller/Varien/Front.php:184
[4] /home/net1/public_html/zierconsulting.com/cakeformonarchs/app/code/core/Mage/Core/Model/App.php:365
[5] /home/net1/public_html/zierconsulting.com/cakeformonarchs/app/Mage.php:684
[6] /home/net1/public_html/zierconsulting.com/cakeformonarchs/index.php:83
</pre>
2016-07-11T14:12:58+00:00 DEBUG (7): HEADERS ALREADY SENT: <pre>[0] /home/net1/public_html/zierconsulting.com/cakeformonarchs/app/code/core/Mage/Core/Controller/Response/Http.php:52
[1] /home/net1/public_html/zierconsulting.com/cakeformonarchs/lib/Zend/Controller/Response/Abstract.php:768
[2] /home/net1/public_html/zierconsulting.com/cakeformonarchs/app/code/core/Mage/Core/Controller/Response/Http.php:84
[3] /home/net1/public_html/zierconsulting.com/cakeformonarchs/app/code/core/Mage/Core/Controller/Varien/Front.php:184
[4] /home/net1/public_html/zierconsulting.com/cakeformonarchs/app/code/core/Mage/Core/Model/App.php:365
[5] /home/net1/public_html/zierconsulting.com/cakeformonarchs/app/Mage.php:684
[6] /home/net1/public_html/zierconsulting.com/cakeformonarchs/index.php:83
</pre>
2016-07-11T14:13:00+00:00 DEBUG (7): HEADERS ALREADY SENT: <pre>[0] /home/net1/public_html/zierconsulting.com/cakeformonarchs/app/code/core/Mage/Core/Controller/Response/Http.php:52
[1] /home/net1/public_html/zierconsulting.com/cakeformonarchs/lib/Zend/Controller/Response/Abstract.php:768
[2] /home/net1/public_html/zierconsulting.com/cakeformonarchs/app/code/core/Mage/Core/Controller/Response/Http.php:84
[3] /home/net1/public_html/zierconsulting.com/cakeformonarchs/app/code/core/Mage/Core/Controller/Varien/Front.php:184
[4] /home/net1/public_html/zierconsulting.com/cakeformonarchs/app/code/core/Mage/Core/Model/App.php:365
[5] /home/net1/public_html/zierconsulting.com/cakeformonarchs/app/Mage.php:684
[6] /home/net1/public_html/zierconsulting.com/cakeformonarchs/index.php:83
</pre>
2016-07-12T06:53:48+00:00 DEBUG (7): HEADERS ALREADY SENT: <pre>[0] /home/net1/public_html/zierconsulting.com/cakeformonarchs/app/code/core/Mage/Core/Controller/Response/Http.php:52
[1] /home/net1/public_html/zierconsulting.com/cakeformonarchs/lib/Zend/Controller/Response/Abstract.php:768
[2] /home/net1/public_html/zierconsulting.com/cakeformonarchs/app/code/core/Mage/Core/Controller/Response/Http.php:84
[3] /home/net1/public_html/zierconsulting.com/cakeformonarchs/app/code/core/Mage/Core/Controller/Varien/Front.php:184
[4] /home/net1/public_html/zierconsulting.com/cakeformonarchs/app/code/core/Mage/Core/Model/App.php:365
[5] /home/net1/public_html/zierconsulting.com/cakeformonarchs/app/Mage.php:684
[6] /home/net1/public_html/zierconsulting.com/cakeformonarchs/index.php:83
</pre>
2016-07-12T06:54:02+00:00 DEBUG (7): HEADERS ALREADY SENT: <pre>[0] /home/net1/public_html/zierconsulting.com/cakeformonarchs/app/code/core/Mage/Core/Controller/Response/Http.php:52
[1] /home/net1/public_html/zierconsulting.com/cakeformonarchs/lib/Zend/Controller/Response/Abstract.php:768
[2] /home/net1/public_html/zierconsulting.com/cakeformonarchs/app/code/core/Mage/Core/Controller/Response/Http.php:84
[3] /home/net1/public_html/zierconsulting.com/cakeformonarchs/app/code/core/Mage/Core/Controller/Varien/Front.php:184
[4] /home/net1/public_html/zierconsulting.com/cakeformonarchs/app/code/core/Mage/Core/Model/App.php:365
[5] /home/net1/public_html/zierconsulting.com/cakeformonarchs/app/Mage.php:684
[6] /home/net1/public_html/zierconsulting.com/cakeformonarchs/index.php:83
</pre>
2016-07-13T07:51:28+00:00 ERR (3): Notice: Undefined index: username  in /home/net1/public_html/zierconsulting.com/cakeformonarchs/app/code/local/ES/Coreextended/controllers/AuthorizeController.php on line 42
2016-07-13T07:51:28+00:00 ERR (3): Notice: Undefined index: password  in /home/net1/public_html/zierconsulting.com/cakeformonarchs/app/code/local/ES/Coreextended/controllers/AuthorizeController.php on line 43
2016-07-13T08:06:28+00:00 ERR (3): Notice: Undefined index: username  in /home/net1/public_html/zierconsulting.com/cakeformonarchs/app/code/local/ES/Coreextended/controllers/AuthorizeController.php on line 42
2016-07-13T08:06:28+00:00 ERR (3): Notice: Undefined index: password  in /home/net1/public_html/zierconsulting.com/cakeformonarchs/app/code/local/ES/Coreextended/controllers/AuthorizeController.php on line 43
2016-07-13T08:07:39+00:00 ERR (3): Notice: Undefined index: username  in /home/net1/public_html/zierconsulting.com/cakeformonarchs/app/code/local/ES/Coreextended/controllers/AuthorizeController.php on line 42
2016-07-13T08:07:39+00:00 ERR (3): Notice: Undefined index: password  in /home/net1/public_html/zierconsulting.com/cakeformonarchs/app/code/local/ES/Coreextended/controllers/AuthorizeController.php on line 43
2016-07-13T08:09:25+00:00 ERR (3): Notice: Undefined index: username  in /home/net1/public_html/zierconsulting.com/cakeformonarchs/app/code/local/ES/Coreextended/controllers/AuthorizeController.php on line 42
2016-07-13T08:09:25+00:00 ERR (3): Notice: Undefined index: password  in /home/net1/public_html/zierconsulting.com/cakeformonarchs/app/code/local/ES/Coreextended/controllers/AuthorizeController.php on line 43
2016-07-13T08:09:47+00:00 ERR (3): Notice: Undefined index: username  in /home/net1/public_html/zierconsulting.com/cakeformonarchs/app/code/local/ES/Coreextended/controllers/AuthorizeController.php on line 42
2016-07-13T08:09:47+00:00 ERR (3): Notice: Undefined index: password  in /home/net1/public_html/zierconsulting.com/cakeformonarchs/app/code/local/ES/Coreextended/controllers/AuthorizeController.php on line 43
2016-07-13T08:09:54+00:00 ERR (3): Notice: Undefined index: username  in /home/net1/public_html/zierconsulting.com/cakeformonarchs/app/code/local/ES/Coreextended/controllers/AuthorizeController.php on line 42
2016-07-13T08:09:54+00:00 ERR (3): Notice: Undefined index: password  in /home/net1/public_html/zierconsulting.com/cakeformonarchs/app/code/local/ES/Coreextended/controllers/AuthorizeController.php on line 43
2016-07-13T08:11:25+00:00 ERR (3): Notice: Undefined index: username  in /home/net1/public_html/zierconsulting.com/cakeformonarchs/app/code/local/ES/Coreextended/controllers/AuthorizeController.php on line 42
2016-07-13T08:11:25+00:00 ERR (3): Notice: Undefined index: password  in /home/net1/public_html/zierconsulting.com/cakeformonarchs/app/code/local/ES/Coreextended/controllers/AuthorizeController.php on line 43
2016-07-13T10:24:25+00:00 DEBUG (7): HEADERS ALREADY SENT: <pre>[0] /home/net1/public_html/zierconsulting.com/cakeformonarchs/app/code/core/Mage/Core/Controller/Response/Http.php:52
[1] /home/net1/public_html/zierconsulting.com/cakeformonarchs/lib/Zend/Controller/Response/Abstract.php:768
[2] /home/net1/public_html/zierconsulting.com/cakeformonarchs/app/code/core/Mage/Core/Controller/Response/Http.php:84
[3] /home/net1/public_html/zierconsulting.com/cakeformonarchs/app/code/core/Mage/Core/Controller/Varien/Front.php:184
[4] /home/net1/public_html/zierconsulting.com/cakeformonarchs/app/code/core/Mage/Core/Model/App.php:365
[5] /home/net1/public_html/zierconsulting.com/cakeformonarchs/app/Mage.php:684
[6] /home/net1/public_html/zierconsulting.com/cakeformonarchs/index.php:83
</pre>
2016-07-13T10:25:38+00:00 DEBUG (7): HEADERS ALREADY SENT: <pre>[0] /home/net1/public_html/zierconsulting.com/cakeformonarchs/app/code/core/Mage/Core/Controller/Response/Http.php:52
[1] /home/net1/public_html/zierconsulting.com/cakeformonarchs/lib/Zend/Controller/Response/Abstract.php:768
[2] /home/net1/public_html/zierconsulting.com/cakeformonarchs/app/code/core/Mage/Core/Controller/Response/Http.php:84
[3] /home/net1/public_html/zierconsulting.com/cakeformonarchs/app/code/core/Mage/Core/Controller/Varien/Front.php:184
[4] /home/net1/public_html/zierconsulting.com/cakeformonarchs/app/code/core/Mage/Core/Model/App.php:365
[5] /home/net1/public_html/zierconsulting.com/cakeformonarchs/app/Mage.php:684
[6] /home/net1/public_html/zierconsulting.com/cakeformonarchs/index.php:83
</pre>
2016-07-13T10:25:39+00:00 DEBUG (7): HEADERS ALREADY SENT: <pre>[0] /home/net1/public_html/zierconsulting.com/cakeformonarchs/app/code/core/Mage/Core/Controller/Response/Http.php:52
[1] /home/net1/public_html/zierconsulting.com/cakeformonarchs/lib/Zend/Controller/Response/Abstract.php:768
[2] /home/net1/public_html/zierconsulting.com/cakeformonarchs/app/code/core/Mage/Core/Controller/Response/Http.php:84
[3] /home/net1/public_html/zierconsulting.com/cakeformonarchs/app/code/core/Mage/Core/Controller/Varien/Front.php:184
[4] /home/net1/public_html/zierconsulting.com/cakeformonarchs/app/code/core/Mage/Core/Model/App.php:365
[5] /home/net1/public_html/zierconsulting.com/cakeformonarchs/app/Mage.php:684
[6] /home/net1/public_html/zierconsulting.com/cakeformonarchs/index.php:83
</pre>
2016-07-13T10:27:31+00:00 DEBUG (7): HEADERS ALREADY SENT: <pre>[0] /home/net1/public_html/zierconsulting.com/cakeformonarchs/app/code/core/Mage/Core/Controller/Response/Http.php:52
[1] /home/net1/public_html/zierconsulting.com/cakeformonarchs/lib/Zend/Controller/Response/Abstract.php:768
[2] /home/net1/public_html/zierconsulting.com/cakeformonarchs/app/code/core/Mage/Core/Controller/Response/Http.php:84
[3] /home/net1/public_html/zierconsulting.com/cakeformonarchs/app/code/core/Mage/Core/Controller/Varien/Front.php:184
[4] /home/net1/public_html/zierconsulting.com/cakeformonarchs/app/code/core/Mage/Core/Model/App.php:365
[5] /home/net1/public_html/zierconsulting.com/cakeformonarchs/app/Mage.php:684
[6] /home/net1/public_html/zierconsulting.com/cakeformonarchs/index.php:83
</pre>
2016-07-13T10:27:32+00:00 DEBUG (7): HEADERS ALREADY SENT: <pre>[0] /home/net1/public_html/zierconsulting.com/cakeformonarchs/app/code/core/Mage/Core/Controller/Response/Http.php:52
[1] /home/net1/public_html/zierconsulting.com/cakeformonarchs/lib/Zend/Controller/Response/Abstract.php:768
[2] /home/net1/public_html/zierconsulting.com/cakeformonarchs/app/code/core/Mage/Core/Controller/Response/Http.php:84
[3] /home/net1/public_html/zierconsulting.com/cakeformonarchs/app/code/core/Mage/Core/Controller/Varien/Front.php:184
[4] /home/net1/public_html/zierconsulting.com/cakeformonarchs/app/code/core/Mage/Core/Model/App.php:365
[5] /home/net1/public_html/zierconsulting.com/cakeformonarchs/app/Mage.php:684
[6] /home/net1/public_html/zierconsulting.com/cakeformonarchs/index.php:83
</pre>
2016-07-13T10:29:19+00:00 DEBUG (7): HEADERS ALREADY SENT: <pre>[0] /home/net1/public_html/zierconsulting.com/cakeformonarchs/app/code/core/Mage/Core/Controller/Response/Http.php:52
[1] /home/net1/public_html/zierconsulting.com/cakeformonarchs/lib/Zend/Controller/Response/Abstract.php:768
[2] /home/net1/public_html/zierconsulting.com/cakeformonarchs/app/code/core/Mage/Core/Controller/Response/Http.php:84
[3] /home/net1/public_html/zierconsulting.com/cakeformonarchs/app/code/core/Mage/Core/Controller/Varien/Front.php:184
[4] /home/net1/public_html/zierconsulting.com/cakeformonarchs/app/code/core/Mage/Core/Model/App.php:365
[5] /home/net1/public_html/zierconsulting.com/cakeformonarchs/app/Mage.php:684
[6] /home/net1/public_html/zierconsulting.com/cakeformonarchs/index.php:83
</pre>
2016-07-13T10:29:21+00:00 DEBUG (7): HEADERS ALREADY SENT: <pre>[0] /home/net1/public_html/zierconsulting.com/cakeformonarchs/app/code/core/Mage/Core/Controller/Response/Http.php:52
[1] /home/net1/public_html/zierconsulting.com/cakeformonarchs/lib/Zend/Controller/Response/Abstract.php:768
[2] /home/net1/public_html/zierconsulting.com/cakeformonarchs/app/code/core/Mage/Core/Controller/Response/Http.php:84
[3] /home/net1/public_html/zierconsulting.com/cakeformonarchs/app/code/core/Mage/Core/Controller/Varien/Front.php:184
[4] /home/net1/public_html/zierconsulting.com/cakeformonarchs/app/code/core/Mage/Core/Model/App.php:365
[5] /home/net1/public_html/zierconsulting.com/cakeformonarchs/app/Mage.php:684
[6] /home/net1/public_html/zierconsulting.com/cakeformonarchs/index.php:83
</pre>
2016-07-13T10:29:22+00:00 DEBUG (7): HEADERS ALREADY SENT: <pre>[0] /home/net1/public_html/zierconsulting.com/cakeformonarchs/app/code/core/Mage/Core/Controller/Response/Http.php:52
[1] /home/net1/public_html/zierconsulting.com/cakeformonarchs/lib/Zend/Controller/Response/Abstract.php:768
[2] /home/net1/public_html/zierconsulting.com/cakeformonarchs/app/code/core/Mage/Core/Controller/Response/Http.php:84
[3] /home/net1/public_html/zierconsulting.com/cakeformonarchs/app/code/core/Mage/Core/Controller/Varien/Front.php:184
[4] /home/net1/public_html/zierconsulting.com/cakeformonarchs/app/code/core/Mage/Core/Model/App.php:365
[5] /home/net1/public_html/zierconsulting.com/cakeformonarchs/app/Mage.php:684
[6] /home/net1/public_html/zierconsulting.com/cakeformonarchs/index.php:83
</pre>
2016-07-13T10:29:23+00:00 DEBUG (7): HEADERS ALREADY SENT: <pre>[0] /home/net1/public_html/zierconsulting.com/cakeformonarchs/app/code/core/Mage/Core/Controller/Response/Http.php:52
[1] /home/net1/public_html/zierconsulting.com/cakeformonarchs/lib/Zend/Controller/Response/Abstract.php:768
[2] /home/net1/public_html/zierconsulting.com/cakeformonarchs/app/code/core/Mage/Core/Controller/Response/Http.php:84
[3] /home/net1/public_html/zierconsulting.com/cakeformonarchs/app/code/core/Mage/Core/Controller/Varien/Front.php:184
[4] /home/net1/public_html/zierconsulting.com/cakeformonarchs/app/code/core/Mage/Core/Model/App.php:365
[5] /home/net1/public_html/zierconsulting.com/cakeformonarchs/app/Mage.php:684
[6] /home/net1/public_html/zierconsulting.com/cakeformonarchs/index.php:83
</pre>
2016-07-13T10:29:24+00:00 DEBUG (7): HEADERS ALREADY SENT: <pre>[0] /home/net1/public_html/zierconsulting.com/cakeformonarchs/app/code/core/Mage/Core/Controller/Response/Http.php:52
[1] /home/net1/public_html/zierconsulting.com/cakeformonarchs/lib/Zend/Controller/Response/Abstract.php:768
[2] /home/net1/public_html/zierconsulting.com/cakeformonarchs/app/code/core/Mage/Core/Controller/Response/Http.php:84
[3] /home/net1/public_html/zierconsulting.com/cakeformonarchs/app/code/core/Mage/Core/Controller/Varien/Front.php:184
[4] /home/net1/public_html/zierconsulting.com/cakeformonarchs/app/code/core/Mage/Core/Model/App.php:365
[5] /home/net1/public_html/zierconsulting.com/cakeformonarchs/app/Mage.php:684
[6] /home/net1/public_html/zierconsulting.com/cakeformonarchs/index.php:83
</pre>
2016-07-13T10:29:25+00:00 DEBUG (7): HEADERS ALREADY SENT: <pre>[0] /home/net1/public_html/zierconsulting.com/cakeformonarchs/app/code/core/Mage/Core/Controller/Response/Http.php:52
[1] /home/net1/public_html/zierconsulting.com/cakeformonarchs/lib/Zend/Controller/Response/Abstract.php:768
[2] /home/net1/public_html/zierconsulting.com/cakeformonarchs/app/code/core/Mage/Core/Controller/Response/Http.php:84
[3] /home/net1/public_html/zierconsulting.com/cakeformonarchs/app/code/core/Mage/Core/Controller/Varien/Front.php:184
[4] /home/net1/public_html/zierconsulting.com/cakeformonarchs/app/code/core/Mage/Core/Model/App.php:365
[5] /home/net1/public_html/zierconsulting.com/cakeformonarchs/app/Mage.php:684
[6] /home/net1/public_html/zierconsulting.com/cakeformonarchs/index.php:83
</pre>
2016-07-13T10:29:43+00:00 DEBUG (7): HEADERS ALREADY SENT: <pre>[0] /home/net1/public_html/zierconsulting.com/cakeformonarchs/app/code/core/Mage/Core/Controller/Response/Http.php:52
[1] /home/net1/public_html/zierconsulting.com/cakeformonarchs/lib/Zend/Controller/Response/Abstract.php:768
[2] /home/net1/public_html/zierconsulting.com/cakeformonarchs/app/code/core/Mage/Core/Controller/Response/Http.php:84
[3] /home/net1/public_html/zierconsulting.com/cakeformonarchs/app/code/core/Mage/Core/Controller/Varien/Front.php:184
[4] /home/net1/public_html/zierconsulting.com/cakeformonarchs/app/code/core/Mage/Core/Model/App.php:365
[5] /home/net1/public_html/zierconsulting.com/cakeformonarchs/app/Mage.php:684
[6] /home/net1/public_html/zierconsulting.com/cakeformonarchs/index.php:83
</pre>
2016-07-13T10:29:45+00:00 DEBUG (7): HEADERS ALREADY SENT: <pre>[0] /home/net1/public_html/zierconsulting.com/cakeformonarchs/app/code/core/Mage/Core/Controller/Response/Http.php:52
[1] /home/net1/public_html/zierconsulting.com/cakeformonarchs/lib/Zend/Controller/Response/Abstract.php:768
[2] /home/net1/public_html/zierconsulting.com/cakeformonarchs/app/code/core/Mage/Core/Controller/Response/Http.php:84
[3] /home/net1/public_html/zierconsulting.com/cakeformonarchs/app/code/core/Mage/Core/Controller/Varien/Front.php:184
[4] /home/net1/public_html/zierconsulting.com/cakeformonarchs/app/code/core/Mage/Core/Model/App.php:365
[5] /home/net1/public_html/zierconsulting.com/cakeformonarchs/app/Mage.php:684
[6] /home/net1/public_html/zierconsulting.com/cakeformonarchs/index.php:83
</pre>
2016-07-13T10:29:45+00:00 DEBUG (7): HEADERS ALREADY SENT: <pre>[0] /home/net1/public_html/zierconsulting.com/cakeformonarchs/app/code/core/Mage/Core/Controller/Response/Http.php:52
[1] /home/net1/public_html/zierconsulting.com/cakeformonarchs/lib/Zend/Controller/Response/Abstract.php:768
[2] /home/net1/public_html/zierconsulting.com/cakeformonarchs/app/code/core/Mage/Core/Controller/Response/Http.php:84
[3] /home/net1/public_html/zierconsulting.com/cakeformonarchs/app/code/core/Mage/Core/Controller/Varien/Front.php:184
[4] /home/net1/public_html/zierconsulting.com/cakeformonarchs/app/code/core/Mage/Core/Model/App.php:365
[5] /home/net1/public_html/zierconsulting.com/cakeformonarchs/app/Mage.php:684
[6] /home/net1/public_html/zierconsulting.com/cakeformonarchs/index.php:83
</pre>
2016-07-13T10:29:47+00:00 DEBUG (7): HEADERS ALREADY SENT: <pre>[0] /home/net1/public_html/zierconsulting.com/cakeformonarchs/app/code/core/Mage/Core/Controller/Response/Http.php:52
[1] /home/net1/public_html/zierconsulting.com/cakeformonarchs/lib/Zend/Controller/Response/Abstract.php:768
[2] /home/net1/public_html/zierconsulting.com/cakeformonarchs/app/code/core/Mage/Core/Controller/Response/Http.php:84
[3] /home/net1/public_html/zierconsulting.com/cakeformonarchs/app/code/core/Mage/Core/Controller/Varien/Front.php:184
[4] /home/net1/public_html/zierconsulting.com/cakeformonarchs/app/code/core/Mage/Core/Model/App.php:365
[5] /home/net1/public_html/zierconsulting.com/cakeformonarchs/app/Mage.php:684
[6] /home/net1/public_html/zierconsulting.com/cakeformonarchs/index.php:83
</pre>
2016-07-13T10:29:52+00:00 DEBUG (7): HEADERS ALREADY SENT: <pre>[0] /home/net1/public_html/zierconsulting.com/cakeformonarchs/app/code/core/Mage/Core/Controller/Response/Http.php:52
[1] /home/net1/public_html/zierconsulting.com/cakeformonarchs/lib/Zend/Controller/Response/Abstract.php:768
[2] /home/net1/public_html/zierconsulting.com/cakeformonarchs/app/code/core/Mage/Core/Controller/Response/Http.php:84
[3] /home/net1/public_html/zierconsulting.com/cakeformonarchs/app/code/core/Mage/Core/Controller/Varien/Front.php:184
[4] /home/net1/public_html/zierconsulting.com/cakeformonarchs/app/code/core/Mage/Core/Model/App.php:365
[5] /home/net1/public_html/zierconsulting.com/cakeformonarchs/app/Mage.php:684
[6] /home/net1/public_html/zierconsulting.com/cakeformonarchs/index.php:83
</pre>
2016-07-13T10:30:09+00:00 DEBUG (7): HEADERS ALREADY SENT: <pre>[0] /home/net1/public_html/zierconsulting.com/cakeformonarchs/app/code/core/Mage/Core/Controller/Response/Http.php:52
[1] /home/net1/public_html/zierconsulting.com/cakeformonarchs/lib/Zend/Controller/Response/Abstract.php:768
[2] /home/net1/public_html/zierconsulting.com/cakeformonarchs/app/code/core/Mage/Core/Controller/Response/Http.php:84
[3] /home/net1/public_html/zierconsulting.com/cakeformonarchs/app/code/core/Mage/Core/Controller/Varien/Front.php:184
[4] /home/net1/public_html/zierconsulting.com/cakeformonarchs/app/code/core/Mage/Core/Model/App.php:365
[5] /home/net1/public_html/zierconsulting.com/cakeformonarchs/app/Mage.php:684
[6] /home/net1/public_html/zierconsulting.com/cakeformonarchs/index.php:83
</pre>
2016-07-13T10:30:09+00:00 DEBUG (7): HEADERS ALREADY SENT: <pre>[0] /home/net1/public_html/zierconsulting.com/cakeformonarchs/app/code/core/Mage/Core/Controller/Response/Http.php:52
[1] /home/net1/public_html/zierconsulting.com/cakeformonarchs/lib/Zend/Controller/Response/Abstract.php:768
[2] /home/net1/public_html/zierconsulting.com/cakeformonarchs/app/code/core/Mage/Core/Controller/Response/Http.php:84
[3] /home/net1/public_html/zierconsulting.com/cakeformonarchs/app/code/core/Mage/Core/Controller/Varien/Front.php:184
[4] /home/net1/public_html/zierconsulting.com/cakeformonarchs/app/code/core/Mage/Core/Model/App.php:365
[5] /home/net1/public_html/zierconsulting.com/cakeformonarchs/app/Mage.php:684
[6] /home/net1/public_html/zierconsulting.com/cakeformonarchs/index.php:83
</pre>
2016-07-13T10:30:10+00:00 DEBUG (7): HEADERS ALREADY SENT: <pre>[0] /home/net1/public_html/zierconsulting.com/cakeformonarchs/app/code/core/Mage/Core/Controller/Response/Http.php:52
[1] /home/net1/public_html/zierconsulting.com/cakeformonarchs/lib/Zend/Controller/Response/Abstract.php:768
[2] /home/net1/public_html/zierconsulting.com/cakeformonarchs/app/code/core/Mage/Core/Controller/Response/Http.php:84
[3] /home/net1/public_html/zierconsulting.com/cakeformonarchs/app/code/core/Mage/Core/Controller/Varien/Front.php:184
[4] /home/net1/public_html/zierconsulting.com/cakeformonarchs/app/code/core/Mage/Core/Model/App.php:365
[5] /home/net1/public_html/zierconsulting.com/cakeformonarchs/app/Mage.php:684
[6] /home/net1/public_html/zierconsulting.com/cakeformonarchs/index.php:83
</pre>
2016-07-13T10:30:12+00:00 DEBUG (7): HEADERS ALREADY SENT: <pre>[0] /home/net1/public_html/zierconsulting.com/cakeformonarchs/app/code/core/Mage/Core/Controller/Response/Http.php:52
[1] /home/net1/public_html/zierconsulting.com/cakeformonarchs/lib/Zend/Controller/Response/Abstract.php:768
[2] /home/net1/public_html/zierconsulting.com/cakeformonarchs/app/code/core/Mage/Core/Controller/Response/Http.php:84
[3] /home/net1/public_html/zierconsulting.com/cakeformonarchs/app/code/core/Mage/Core/Controller/Varien/Front.php:184
[4] /home/net1/public_html/zierconsulting.com/cakeformonarchs/app/code/core/Mage/Core/Model/App.php:365
[5] /home/net1/public_html/zierconsulting.com/cakeformonarchs/app/Mage.php:684
[6] /home/net1/public_html/zierconsulting.com/cakeformonarchs/index.php:83
</pre>
2016-07-13T10:30:23+00:00 DEBUG (7): HEADERS ALREADY SENT: <pre>[0] /home/net1/public_html/zierconsulting.com/cakeformonarchs/app/code/core/Mage/Core/Controller/Response/Http.php:52
[1] /home/net1/public_html/zierconsulting.com/cakeformonarchs/lib/Zend/Controller/Response/Abstract.php:768
[2] /home/net1/public_html/zierconsulting.com/cakeformonarchs/app/code/core/Mage/Core/Controller/Response/Http.php:84
[3] /home/net1/public_html/zierconsulting.com/cakeformonarchs/app/code/core/Mage/Core/Controller/Varien/Front.php:184
[4] /home/net1/public_html/zierconsulting.com/cakeformonarchs/app/code/core/Mage/Core/Model/App.php:365
[5] /home/net1/public_html/zierconsulting.com/cakeformonarchs/app/Mage.php:684
[6] /home/net1/public_html/zierconsulting.com/cakeformonarchs/index.php:83
</pre>
2016-07-13T10:30:23+00:00 DEBUG (7): HEADERS ALREADY SENT: <pre>[0] /home/net1/public_html/zierconsulting.com/cakeformonarchs/app/code/core/Mage/Core/Controller/Response/Http.php:52
[1] /home/net1/public_html/zierconsulting.com/cakeformonarchs/lib/Zend/Controller/Response/Abstract.php:768
[2] /home/net1/public_html/zierconsulting.com/cakeformonarchs/app/code/core/Mage/Core/Controller/Response/Http.php:84
[3] /home/net1/public_html/zierconsulting.com/cakeformonarchs/app/code/core/Mage/Core/Controller/Varien/Front.php:184
[4] /home/net1/public_html/zierconsulting.com/cakeformonarchs/app/code/core/Mage/Core/Model/App.php:365
[5] /home/net1/public_html/zierconsulting.com/cakeformonarchs/app/Mage.php:684
[6] /home/net1/public_html/zierconsulting.com/cakeformonarchs/index.php:83
</pre>
2016-07-13T10:30:25+00:00 DEBUG (7): HEADERS ALREADY SENT: <pre>[0] /home/net1/public_html/zierconsulting.com/cakeformonarchs/app/code/core/Mage/Core/Controller/Response/Http.php:52
[1] /home/net1/public_html/zierconsulting.com/cakeformonarchs/lib/Zend/Controller/Response/Abstract.php:768
[2] /home/net1/public_html/zierconsulting.com/cakeformonarchs/app/code/core/Mage/Core/Controller/Response/Http.php:84
[3] /home/net1/public_html/zierconsulting.com/cakeformonarchs/app/code/core/Mage/Core/Controller/Varien/Front.php:184
[4] /home/net1/public_html/zierconsulting.com/cakeformonarchs/app/code/core/Mage/Core/Model/App.php:365
[5] /home/net1/public_html/zierconsulting.com/cakeformonarchs/app/Mage.php:684
[6] /home/net1/public_html/zierconsulting.com/cakeformonarchs/index.php:83
</pre>
2016-07-13T10:30:27+00:00 DEBUG (7): HEADERS ALREADY SENT: <pre>[0] /home/net1/public_html/zierconsulting.com/cakeformonarchs/app/code/core/Mage/Core/Controller/Response/Http.php:52
[1] /home/net1/public_html/zierconsulting.com/cakeformonarchs/lib/Zend/Controller/Response/Abstract.php:768
[2] /home/net1/public_html/zierconsulting.com/cakeformonarchs/app/code/core/Mage/Core/Controller/Response/Http.php:84
[3] /home/net1/public_html/zierconsulting.com/cakeformonarchs/app/code/core/Mage/Core/Controller/Varien/Front.php:184
[4] /home/net1/public_html/zierconsulting.com/cakeformonarchs/app/code/core/Mage/Core/Model/App.php:365
[5] /home/net1/public_html/zierconsulting.com/cakeformonarchs/app/Mage.php:684
[6] /home/net1/public_html/zierconsulting.com/cakeformonarchs/index.php:83
</pre>
2016-07-13T10:30:34+00:00 DEBUG (7): HEADERS ALREADY SENT: <pre>[0] /home/net1/public_html/zierconsulting.com/cakeformonarchs/app/code/core/Mage/Core/Controller/Response/Http.php:52
[1] /home/net1/public_html/zierconsulting.com/cakeformonarchs/lib/Zend/Controller/Response/Abstract.php:768
[2] /home/net1/public_html/zierconsulting.com/cakeformonarchs/app/code/core/Mage/Core/Controller/Response/Http.php:84
[3] /home/net1/public_html/zierconsulting.com/cakeformonarchs/app/code/core/Mage/Core/Controller/Varien/Front.php:184
[4] /home/net1/public_html/zierconsulting.com/cakeformonarchs/app/code/core/Mage/Core/Model/App.php:365
[5] /home/net1/public_html/zierconsulting.com/cakeformonarchs/app/Mage.php:684
[6] /home/net1/public_html/zierconsulting.com/cakeformonarchs/index.php:83
</pre>
2016-07-13T10:30:35+00:00 DEBUG (7): HEADERS ALREADY SENT: <pre>[0] /home/net1/public_html/zierconsulting.com/cakeformonarchs/app/code/core/Mage/Core/Controller/Response/Http.php:52
[1] /home/net1/public_html/zierconsulting.com/cakeformonarchs/lib/Zend/Controller/Response/Abstract.php:768
[2] /home/net1/public_html/zierconsulting.com/cakeformonarchs/app/code/core/Mage/Core/Controller/Response/Http.php:84
[3] /home/net1/public_html/zierconsulting.com/cakeformonarchs/app/code/core/Mage/Core/Controller/Varien/Front.php:184
[4] /home/net1/public_html/zierconsulting.com/cakeformonarchs/app/code/core/Mage/Core/Model/App.php:365
[5] /home/net1/public_html/zierconsulting.com/cakeformonarchs/app/Mage.php:684
[6] /home/net1/public_html/zierconsulting.com/cakeformonarchs/index.php:83
</pre>
2016-07-13T10:30:48+00:00 DEBUG (7): HEADERS ALREADY SENT: <pre>[0] /home/net1/public_html/zierconsulting.com/cakeformonarchs/app/code/core/Mage/Core/Controller/Response/Http.php:52
[1] /home/net1/public_html/zierconsulting.com/cakeformonarchs/lib/Zend/Controller/Response/Abstract.php:768
[2] /home/net1/public_html/zierconsulting.com/cakeformonarchs/app/code/core/Mage/Core/Controller/Response/Http.php:84
[3] /home/net1/public_html/zierconsulting.com/cakeformonarchs/app/code/core/Mage/Core/Controller/Varien/Front.php:184
[4] /home/net1/public_html/zierconsulting.com/cakeformonarchs/app/code/core/Mage/Core/Model/App.php:365
[5] /home/net1/public_html/zierconsulting.com/cakeformonarchs/app/Mage.php:684
[6] /home/net1/public_html/zierconsulting.com/cakeformonarchs/index.php:83
</pre>
2016-07-13T10:30:49+00:00 DEBUG (7): HEADERS ALREADY SENT: <pre>[0] /home/net1/public_html/zierconsulting.com/cakeformonarchs/app/code/core/Mage/Core/Controller/Response/Http.php:52
[1] /home/net1/public_html/zierconsulting.com/cakeformonarchs/lib/Zend/Controller/Response/Abstract.php:768
[2] /home/net1/public_html/zierconsulting.com/cakeformonarchs/app/code/core/Mage/Core/Controller/Response/Http.php:84
[3] /home/net1/public_html/zierconsulting.com/cakeformonarchs/app/code/core/Mage/Core/Controller/Varien/Front.php:184
[4] /home/net1/public_html/zierconsulting.com/cakeformonarchs/app/code/core/Mage/Core/Model/App.php:365
[5] /home/net1/public_html/zierconsulting.com/cakeformonarchs/app/Mage.php:684
[6] /home/net1/public_html/zierconsulting.com/cakeformonarchs/index.php:83
</pre>
2016-07-13T10:31:12+00:00 DEBUG (7): HEADERS ALREADY SENT: <pre>[0] /home/net1/public_html/zierconsulting.com/cakeformonarchs/app/code/core/Mage/Core/Controller/Response/Http.php:52
[1] /home/net1/public_html/zierconsulting.com/cakeformonarchs/lib/Zend/Controller/Response/Abstract.php:768
[2] /home/net1/public_html/zierconsulting.com/cakeformonarchs/app/code/core/Mage/Core/Controller/Response/Http.php:84
[3] /home/net1/public_html/zierconsulting.com/cakeformonarchs/app/code/core/Mage/Core/Controller/Varien/Front.php:184
[4] /home/net1/public_html/zierconsulting.com/cakeformonarchs/app/code/core/Mage/Core/Model/App.php:365
[5] /home/net1/public_html/zierconsulting.com/cakeformonarchs/app/Mage.php:684
[6] /home/net1/public_html/zierconsulting.com/cakeformonarchs/index.php:83
</pre>
2016-07-13T10:31:20+00:00 DEBUG (7): HEADERS ALREADY SENT: <pre>[0] /home/net1/public_html/zierconsulting.com/cakeformonarchs/app/code/core/Mage/Core/Controller/Response/Http.php:52
[1] /home/net1/public_html/zierconsulting.com/cakeformonarchs/lib/Zend/Controller/Response/Abstract.php:768
[2] /home/net1/public_html/zierconsulting.com/cakeformonarchs/app/code/core/Mage/Core/Controller/Response/Http.php:84
[3] /home/net1/public_html/zierconsulting.com/cakeformonarchs/app/code/core/Mage/Core/Controller/Varien/Front.php:184
[4] /home/net1/public_html/zierconsulting.com/cakeformonarchs/app/code/core/Mage/Core/Model/App.php:365
[5] /home/net1/public_html/zierconsulting.com/cakeformonarchs/app/Mage.php:684
[6] /home/net1/public_html/zierconsulting.com/cakeformonarchs/index.php:83
</pre>
2016-07-13T10:31:21+00:00 DEBUG (7): HEADERS ALREADY SENT: <pre>[0] /home/net1/public_html/zierconsulting.com/cakeformonarchs/app/code/core/Mage/Core/Controller/Response/Http.php:52
[1] /home/net1/public_html/zierconsulting.com/cakeformonarchs/lib/Zend/Controller/Response/Abstract.php:768
[2] /home/net1/public_html/zierconsulting.com/cakeformonarchs/app/code/core/Mage/Core/Controller/Response/Http.php:84
[3] /home/net1/public_html/zierconsulting.com/cakeformonarchs/app/code/core/Mage/Core/Controller/Varien/Front.php:184
[4] /home/net1/public_html/zierconsulting.com/cakeformonarchs/app/code/core/Mage/Core/Model/App.php:365
[5] /home/net1/public_html/zierconsulting.com/cakeformonarchs/app/Mage.php:684
[6] /home/net1/public_html/zierconsulting.com/cakeformonarchs/index.php:83
</pre>
2016-07-13T10:32:11+00:00 DEBUG (7): HEADERS ALREADY SENT: <pre>[0] /home/net1/public_html/zierconsulting.com/cakeformonarchs/app/code/core/Mage/Core/Controller/Response/Http.php:52
[1] /home/net1/public_html/zierconsulting.com/cakeformonarchs/lib/Zend/Controller/Response/Abstract.php:768
[2] /home/net1/public_html/zierconsulting.com/cakeformonarchs/app/code/core/Mage/Core/Controller/Response/Http.php:84
[3] /home/net1/public_html/zierconsulting.com/cakeformonarchs/app/code/core/Mage/Core/Controller/Varien/Front.php:184
[4] /home/net1/public_html/zierconsulting.com/cakeformonarchs/app/code/core/Mage/Core/Model/App.php:365
[5] /home/net1/public_html/zierconsulting.com/cakeformonarchs/app/Mage.php:684
[6] /home/net1/public_html/zierconsulting.com/cakeformonarchs/index.php:83
</pre>
2016-07-13T10:32:11+00:00 DEBUG (7): HEADERS ALREADY SENT: <pre>[0] /home/net1/public_html/zierconsulting.com/cakeformonarchs/app/code/core/Mage/Core/Controller/Response/Http.php:52
[1] /home/net1/public_html/zierconsulting.com/cakeformonarchs/lib/Zend/Controller/Response/Abstract.php:768
[2] /home/net1/public_html/zierconsulting.com/cakeformonarchs/app/code/core/Mage/Core/Controller/Response/Http.php:84
[3] /home/net1/public_html/zierconsulting.com/cakeformonarchs/app/code/core/Mage/Core/Controller/Varien/Front.php:184
[4] /home/net1/public_html/zierconsulting.com/cakeformonarchs/app/code/core/Mage/Core/Model/App.php:365
[5] /home/net1/public_html/zierconsulting.com/cakeformonarchs/app/Mage.php:684
[6] /home/net1/public_html/zierconsulting.com/cakeformonarchs/index.php:83
</pre>
2016-07-13T19:39:53+00:00 ERR (3): Notice: Undefined index: username  in /home/net1/public_html/zierconsulting.com/cakeformonarchs/app/code/local/ES/Coreextended/controllers/AuthorizeController.php on line 42
2016-07-13T19:39:53+00:00 ERR (3): Notice: Undefined index: password  in /home/net1/public_html/zierconsulting.com/cakeformonarchs/app/code/local/ES/Coreextended/controllers/AuthorizeController.php on line 43
2016-07-13T19:41:52+00:00 ERR (3): Notice: Undefined index: username  in /home/net1/public_html/zierconsulting.com/cakeformonarchs/app/code/local/ES/Coreextended/controllers/AuthorizeController.php on line 42
2016-07-13T19:41:52+00:00 ERR (3): Notice: Undefined index: password  in /home/net1/public_html/zierconsulting.com/cakeformonarchs/app/code/local/ES/Coreextended/controllers/AuthorizeController.php on line 43
2016-07-13T19:44:25+00:00 ERR (3): Notice: Undefined index: username  in /home/net1/public_html/zierconsulting.com/cakeformonarchs/app/code/local/ES/Coreextended/controllers/AuthorizeController.php on line 42
2016-07-13T19:44:25+00:00 ERR (3): Notice: Undefined index: password  in /home/net1/public_html/zierconsulting.com/cakeformonarchs/app/code/local/ES/Coreextended/controllers/AuthorizeController.php on line 43
2016-07-13T19:45:56+00:00 ERR (3): Notice: Undefined index: username  in /home/net1/public_html/zierconsulting.com/cakeformonarchs/app/code/local/ES/Coreextended/controllers/AuthorizeController.php on line 42
2016-07-13T19:45:56+00:00 ERR (3): Notice: Undefined index: password  in /home/net1/public_html/zierconsulting.com/cakeformonarchs/app/code/local/ES/Coreextended/controllers/AuthorizeController.php on line 43
2016-07-13T19:47:03+00:00 ERR (3): Notice: Undefined index: username  in /home/net1/public_html/zierconsulting.com/cakeformonarchs/app/code/local/ES/Coreextended/controllers/AuthorizeController.php on line 42
2016-07-13T19:47:03+00:00 ERR (3): Notice: Undefined index: password  in /home/net1/public_html/zierconsulting.com/cakeformonarchs/app/code/local/ES/Coreextended/controllers/AuthorizeController.php on line 43
2016-07-13T19:47:19+00:00 ERR (3): Notice: Undefined index: username  in /home/net1/public_html/zierconsulting.com/cakeformonarchs/app/code/local/ES/Coreextended/controllers/AuthorizeController.php on line 42
2016-07-13T19:47:19+00:00 ERR (3): Notice: Undefined index: password  in /home/net1/public_html/zierconsulting.com/cakeformonarchs/app/code/local/ES/Coreextended/controllers/AuthorizeController.php on line 43
2016-07-13T19:49:42+00:00 ERR (3): Notice: Undefined index: username  in /home/net1/public_html/zierconsulting.com/cakeformonarchs/app/code/local/ES/Coreextended/controllers/AuthorizeController.php on line 42
2016-07-13T19:49:42+00:00 ERR (3): Notice: Undefined index: password  in /home/net1/public_html/zierconsulting.com/cakeformonarchs/app/code/local/ES/Coreextended/controllers/AuthorizeController.php on line 43
2016-07-13T19:50:15+00:00 ERR (3): Notice: Undefined index: username  in /home/net1/public_html/zierconsulting.com/cakeformonarchs/app/code/local/ES/Coreextended/controllers/AuthorizeController.php on line 42
2016-07-13T19:50:15+00:00 ERR (3): Notice: Undefined index: password  in /home/net1/public_html/zierconsulting.com/cakeformonarchs/app/code/local/ES/Coreextended/controllers/AuthorizeController.php on line 43
